mar 15, 2019 10:44:55 PM org.apache.catalina.startup.VersionLoggerListener log
INFORMACIÓN: Server version:        Apache Tomcat/7.0.59
mar 15, 2019 10:44:55 PM org.apache.catalina.startup.VersionLoggerListener log
INFORMACIÓN: Server built:          Jan 28 2015 15:51:10 UTC
mar 15, 2019 10:44:55 PM org.apache.catalina.startup.VersionLoggerListener log
INFORMACIÓN: Server number:         7.0.59.0
mar 15, 2019 10:44:55 PM org.apache.catalina.startup.VersionLoggerListener log
INFORMACIÓN: OS Name:               Windows 10
mar 15, 2019 10:44:55 PM org.apache.catalina.startup.VersionLoggerListener log
INFORMACIÓN: OS Version:            10.0
mar 15, 2019 10:44:55 PM org.apache.catalina.startup.VersionLoggerListener log
INFORMACIÓN: Architecture:          amd64
mar 15, 2019 10:44:55 PM org.apache.catalina.startup.VersionLoggerListener log
INFORMACIÓN: Java Home:             C:\Program Files\Java\jdk1.8.0_191\jre
mar 15, 2019 10:44:55 PM org.apache.catalina.startup.VersionLoggerListener log
INFORMACIÓN: JVM Version:           1.8.0_191-b12
mar 15, 2019 10:44:55 PM org.apache.catalina.startup.VersionLoggerListener log
INFORMACIÓN: JVM Vendor:            Oracle Corporation
mar 15, 2019 10:44:55 PM org.apache.catalina.startup.VersionLoggerListener log
INFORMACIÓN: CATALINA_BASE:         C:\Users\Naren\Desktop\DESARROLLO 2\Herramientas\apache-tomcat-7.0.59
mar 15, 2019 10:44:55 PM org.apache.catalina.startup.VersionLoggerListener log
INFORMACIÓN: CATALINA_HOME:         C:\Users\Naren\Desktop\DESARROLLO 2\Herramientas\apache-tomcat-7.0.59
mar 15, 2019 10:44:55 PM org.apache.catalina.startup.VersionLoggerListener log
INFORMACIÓN: Command line argument: -Dhttp.nonProxyHosts=localhost|127.0.0.1|DESKTOP-BA1CHPV
mar 15, 2019 10:44:55 PM org.apache.catalina.startup.VersionLoggerListener log
INFORMACIÓN: Command line argument: -Djava.util.logging.config.file=C:\Users\Naren\Desktop\DESARROLLO 2\Herramientas\apache-tomcat-7.0.59\conf\logging.properties
mar 15, 2019 10:44:55 PM org.apache.catalina.startup.VersionLoggerListener log
INFORMACIÓN: Command line argument: -Djava.util.logging.manager=org.apache.juli.ClassLoaderLogManager
mar 15, 2019 10:44:55 PM org.apache.catalina.startup.VersionLoggerListener log
INFORMACIÓN: Command line argument: -Djava.endorsed.dirs=C:\Users\Naren\Desktop\DESARROLLO 2\Herramientas\apache-tomcat-7.0.59\endorsed
mar 15, 2019 10:44:55 PM org.apache.catalina.startup.VersionLoggerListener log
INFORMACIÓN: Command line argument: -Dcatalina.base=C:\Users\Naren\Desktop\DESARROLLO 2\Herramientas\apache-tomcat-7.0.59
mar 15, 2019 10:44:55 PM org.apache.catalina.startup.VersionLoggerListener log
INFORMACIÓN: Command line argument: -Dcatalina.home=C:\Users\Naren\Desktop\DESARROLLO 2\Herramientas\apache-tomcat-7.0.59
mar 15, 2019 10:44:55 PM org.apache.catalina.startup.VersionLoggerListener log
INFORMACIÓN: Command line argument: -Djava.io.tmpdir=C:\Users\Naren\Desktop\DESARROLLO 2\Herramientas\apache-tomcat-7.0.59\temp
mar 15, 2019 10:44:55 PM org.apache.catalina.core.AprLifecycleListener lifecycleEvent
INFORMACIÓN: La biblioteca nativa de Apache Tomcat basada en ARP que permite un rendimiento óptimo en entornos de desarrollo no ha sido hallada en java.library.path: C:\Program Files\Java\jdk1.8.0_191\bin;C:\Windows\Sun\Java\bin;C:\Windows\system32;C:\Windows;C:\Users\Naren\bin\Sencha\Cmd\5.1.3.61;C:\Program Files (x86)\Common Files\Oracle\Java\javapath;C:\Windows\system32;C:\Windows;C:\Windows\System32\Wbem;C:\Windows\System32\WindowsPowerShell\v1.0\;C:\Windows\System32\OpenSSH\;C:\Program Files\nodejs\;C:\Program Files\Git\cmd;C:\ProgramData\chocolatey\bin;C:\Program Files\Java\jdk1.8.0_191\bin;C:\Android\android-sdk\tools;C:\Android\android-sdk\platform-tools;C:\Android\android-sdk\tools\bin;C:\Users\Naren\AppData\Local\Microsoft\WindowsApps;C:\Users\Naren\AppData\Roaming\npm;C:\Users\Naren\AppData\Local\atom\bin;C:\Program Files\MongoDB\Server\4.0\bin;C:\Users\Naren\AppData\Local\Programs\Microsoft VS Code\bin;C:\Python27;C:\Python27\Scripts;;.
mar 15, 2019 10:44:55 PM org.apache.coyote.AbstractProtocol init
INFORMACIÓN: Initializing ProtocolHandler ["http-bio-8081"]
mar 15, 2019 10:44:55 PM org.apache.coyote.AbstractProtocol init
INFORMACIÓN: Initializing ProtocolHandler ["ajp-bio-8009"]
mar 15, 2019 10:44:55 PM org.apache.catalina.startup.Catalina load
INFORMACIÓN: Initialization processed in 2737 ms
mar 15, 2019 10:44:55 PM org.apache.catalina.core.StandardService startInternal
INFORMACIÓN: Arrancando servicio Catalina
mar 15, 2019 10:44:55 PM org.apache.catalina.core.StandardEngine startInternal
INFORMACIÓN: Starting Servlet Engine: Apache Tomcat/7.0.59
mar 15, 2019 10:44:55 PM org.apache.catalina.startup.HostConfig deployDescriptor
INFORMACIÓN: Desplieque del descriptor de configuración C:\Users\Naren\Desktop\DESARROLLO 2\Herramientas\apache-tomcat-7.0.59\conf\Catalina\localhost\Actividad.xml
mar 15, 2019 10:44:56 PM org.apache.catalina.core.StandardContext resourcesStart
GRAVE: Error arrancando Recursos estáticos
java.lang.IllegalArgumentException: El Documento base C:\Users\Naren\Documents\NetBeansProjects\Actividad\build\web no existe o no es un directorio legible
	at org.apache.naming.resources.FileDirContext.setDocBase(FileDirContext.java:136)
	at org.apache.catalina.core.StandardContext.resourcesStart(StandardContext.java:5141)
	at org.apache.catalina.core.StandardContext.startInternal(StandardContext.java:5326)
	at org.apache.catalina.util.LifecycleBase.start(LifecycleBase.java:150)
	at org.apache.catalina.core.ContainerBase.addChildInternal(ContainerBase.java:901)
	at org.apache.catalina.core.ContainerBase.addChild(ContainerBase.java:877)
	at org.apache.catalina.core.StandardHost.addChild(StandardHost.java:649)
	at org.apache.catalina.startup.HostConfig.deployDescriptor(HostConfig.java:672)
	at org.apache.catalina.startup.HostConfig$DeployDescriptor.run(HostConfig.java:1859)
	at java.util.concurrent.Executors$RunnableAdapter.call(Executors.java:511)
	at java.util.concurrent.FutureTask.run(FutureTask.java:266)
	at java.util.concurrent.ThreadPoolExecutor.runWorker(ThreadPoolExecutor.java:1149)
	at java.util.concurrent.ThreadPoolExecutor$Worker.run(ThreadPoolExecutor.java:624)
	at java.lang.Thread.run(Thread.java:748)

mar 15, 2019 10:44:56 PM org.apache.catalina.core.ContainerBase addChildInternal
GRAVE: ContainerBase.addChild: start: 
org.apache.catalina.LifecycleException: Failed to start component [StandardEngine[Catalina].StandardHost[localhost].StandardContext[/Actividad]]
	at org.apache.catalina.util.LifecycleBase.start(LifecycleBase.java:154)
	at org.apache.catalina.core.ContainerBase.addChildInternal(ContainerBase.java:901)
	at org.apache.catalina.core.ContainerBase.addChild(ContainerBase.java:877)
	at org.apache.catalina.core.StandardHost.addChild(StandardHost.java:649)
	at org.apache.catalina.startup.HostConfig.deployDescriptor(HostConfig.java:672)
	at org.apache.catalina.startup.HostConfig$DeployDescriptor.run(HostConfig.java:1859)
	at java.util.concurrent.Executors$RunnableAdapter.call(Executors.java:511)
	at java.util.concurrent.FutureTask.run(FutureTask.java:266)
	at java.util.concurrent.ThreadPoolExecutor.runWorker(ThreadPoolExecutor.java:1149)
	at java.util.concurrent.ThreadPoolExecutor$Worker.run(ThreadPoolExecutor.java:624)
	at java.lang.Thread.run(Thread.java:748)
Caused by: org.apache.catalina.LifecycleException: Error in resourceStart()
	at org.apache.catalina.core.StandardContext.startInternal(StandardContext.java:5327)
	at org.apache.catalina.util.LifecycleBase.start(LifecycleBase.java:150)
	... 10 more

mar 15, 2019 10:44:56 PM org.apache.catalina.startup.HostConfig deployDescriptor
GRAVE: Error durante el despliegue del descriptor de configuración C:\Users\Naren\Desktop\DESARROLLO 2\Herramientas\apache-tomcat-7.0.59\conf\Catalina\localhost\Actividad.xml
java.lang.IllegalStateException: ContainerBase.addChild: start: org.apache.catalina.LifecycleException: Failed to start component [StandardEngine[Catalina].StandardHost[localhost].StandardContext[/Actividad]]
	at org.apache.catalina.core.ContainerBase.addChildInternal(ContainerBase.java:904)
	at org.apache.catalina.core.ContainerBase.addChild(ContainerBase.java:877)
	at org.apache.catalina.core.StandardHost.addChild(StandardHost.java:649)
	at org.apache.catalina.startup.HostConfig.deployDescriptor(HostConfig.java:672)
	at org.apache.catalina.startup.HostConfig$DeployDescriptor.run(HostConfig.java:1859)
	at java.util.concurrent.Executors$RunnableAdapter.call(Executors.java:511)
	at java.util.concurrent.FutureTask.run(FutureTask.java:266)
	at java.util.concurrent.ThreadPoolExecutor.runWorker(ThreadPoolExecutor.java:1149)
	at java.util.concurrent.ThreadPoolExecutor$Worker.run(ThreadPoolExecutor.java:624)
	at java.lang.Thread.run(Thread.java:748)

mar 15, 2019 10:44:56 PM org.apache.catalina.startup.HostConfig deployDescriptor
INFORMACIÓN: Deployment of configuration descriptor C:\Users\Naren\Desktop\DESARROLLO 2\Herramientas\apache-tomcat-7.0.59\conf\Catalina\localhost\Actividad.xml has finished in 386 ms
mar 15, 2019 10:44:56 PM org.apache.catalina.startup.HostConfig deployDescriptor
INFORMACIÓN: Desplieque del descriptor de configuración C:\Users\Naren\Desktop\DESARROLLO 2\Herramientas\apache-tomcat-7.0.59\conf\Catalina\localhost\JPATaller.xml
mar 15, 2019 10:44:56 PM org.apache.catalina.core.StandardContext resourcesStart
GRAVE: Error arrancando Recursos estáticos
java.lang.IllegalArgumentException: El Documento base C:\Users\Naren\Documents\NetBeansProjects\JPATaller\build\web no existe o no es un directorio legible
	at org.apache.naming.resources.FileDirContext.setDocBase(FileDirContext.java:136)
	at org.apache.catalina.core.StandardContext.resourcesStart(StandardContext.java:5141)
	at org.apache.catalina.core.StandardContext.startInternal(StandardContext.java:5326)
	at org.apache.catalina.util.LifecycleBase.start(LifecycleBase.java:150)
	at org.apache.catalina.core.ContainerBase.addChildInternal(ContainerBase.java:901)
	at org.apache.catalina.core.ContainerBase.addChild(ContainerBase.java:877)
	at org.apache.catalina.core.StandardHost.addChild(StandardHost.java:649)
	at org.apache.catalina.startup.HostConfig.deployDescriptor(HostConfig.java:672)
	at org.apache.catalina.startup.HostConfig$DeployDescriptor.run(HostConfig.java:1859)
	at java.util.concurrent.Executors$RunnableAdapter.call(Executors.java:511)
	at java.util.concurrent.FutureTask.run(FutureTask.java:266)
	at java.util.concurrent.ThreadPoolExecutor.runWorker(ThreadPoolExecutor.java:1149)
	at java.util.concurrent.ThreadPoolExecutor$Worker.run(ThreadPoolExecutor.java:624)
	at java.lang.Thread.run(Thread.java:748)

mar 15, 2019 10:44:56 PM org.apache.catalina.core.ContainerBase addChildInternal
GRAVE: ContainerBase.addChild: start: 
org.apache.catalina.LifecycleException: Failed to start component [StandardEngine[Catalina].StandardHost[localhost].StandardContext[/JPATaller]]
	at org.apache.catalina.util.LifecycleBase.start(LifecycleBase.java:154)
	at org.apache.catalina.core.ContainerBase.addChildInternal(ContainerBase.java:901)
	at org.apache.catalina.core.ContainerBase.addChild(ContainerBase.java:877)
	at org.apache.catalina.core.StandardHost.addChild(StandardHost.java:649)
	at org.apache.catalina.startup.HostConfig.deployDescriptor(HostConfig.java:672)
	at org.apache.catalina.startup.HostConfig$DeployDescriptor.run(HostConfig.java:1859)
	at java.util.concurrent.Executors$RunnableAdapter.call(Executors.java:511)
	at java.util.concurrent.FutureTask.run(FutureTask.java:266)
	at java.util.concurrent.ThreadPoolExecutor.runWorker(ThreadPoolExecutor.java:1149)
	at java.util.concurrent.ThreadPoolExecutor$Worker.run(ThreadPoolExecutor.java:624)
	at java.lang.Thread.run(Thread.java:748)
Caused by: org.apache.catalina.LifecycleException: Error in resourceStart()
	at org.apache.catalina.core.StandardContext.startInternal(StandardContext.java:5327)
	at org.apache.catalina.util.LifecycleBase.start(LifecycleBase.java:150)
	... 10 more

mar 15, 2019 10:44:56 PM org.apache.catalina.startup.HostConfig deployDescriptor
GRAVE: Error durante el despliegue del descriptor de configuración C:\Users\Naren\Desktop\DESARROLLO 2\Herramientas\apache-tomcat-7.0.59\conf\Catalina\localhost\JPATaller.xml
java.lang.IllegalStateException: ContainerBase.addChild: start: org.apache.catalina.LifecycleException: Failed to start component [StandardEngine[Catalina].StandardHost[localhost].StandardContext[/JPATaller]]
	at org.apache.catalina.core.ContainerBase.addChildInternal(ContainerBase.java:904)
	at org.apache.catalina.core.ContainerBase.addChild(ContainerBase.java:877)
	at org.apache.catalina.core.StandardHost.addChild(StandardHost.java:649)
	at org.apache.catalina.startup.HostConfig.deployDescriptor(HostConfig.java:672)
	at org.apache.catalina.startup.HostConfig$DeployDescriptor.run(HostConfig.java:1859)
	at java.util.concurrent.Executors$RunnableAdapter.call(Executors.java:511)
	at java.util.concurrent.FutureTask.run(FutureTask.java:266)
	at java.util.concurrent.ThreadPoolExecutor.runWorker(ThreadPoolExecutor.java:1149)
	at java.util.concurrent.ThreadPoolExecutor$Worker.run(ThreadPoolExecutor.java:624)
	at java.lang.Thread.run(Thread.java:748)

mar 15, 2019 10:44:56 PM org.apache.catalina.startup.HostConfig deployDescriptor
INFORMACIÓN: Deployment of configuration descriptor C:\Users\Naren\Desktop\DESARROLLO 2\Herramientas\apache-tomcat-7.0.59\conf\Catalina\localhost\JPATaller.xml has finished in 112 ms
mar 15, 2019 10:44:56 PM org.apache.catalina.startup.HostConfig deployDescriptor
INFORMACIÓN: Desplieque del descriptor de configuración C:\Users\Naren\Desktop\DESARROLLO 2\Herramientas\apache-tomcat-7.0.59\conf\Catalina\localhost\JPATarea.xml
mar 15, 2019 10:44:56 PM org.apache.catalina.core.StandardContext resourcesStart
GRAVE: Error arrancando Recursos estáticos
java.lang.IllegalArgumentException: El Documento base C:\Users\Naren\Documents\NetBeansProjects\JPATarea\build\web no existe o no es un directorio legible
	at org.apache.naming.resources.FileDirContext.setDocBase(FileDirContext.java:136)
	at org.apache.catalina.core.StandardContext.resourcesStart(StandardContext.java:5141)
	at org.apache.catalina.core.StandardContext.startInternal(StandardContext.java:5326)
	at org.apache.catalina.util.LifecycleBase.start(LifecycleBase.java:150)
	at org.apache.catalina.core.ContainerBase.addChildInternal(ContainerBase.java:901)
	at org.apache.catalina.core.ContainerBase.addChild(ContainerBase.java:877)
	at org.apache.catalina.core.StandardHost.addChild(StandardHost.java:649)
	at org.apache.catalina.startup.HostConfig.deployDescriptor(HostConfig.java:672)
	at org.apache.catalina.startup.HostConfig$DeployDescriptor.run(HostConfig.java:1859)
	at java.util.concurrent.Executors$RunnableAdapter.call(Executors.java:511)
	at java.util.concurrent.FutureTask.run(FutureTask.java:266)
	at java.util.concurrent.ThreadPoolExecutor.runWorker(ThreadPoolExecutor.java:1149)
	at java.util.concurrent.ThreadPoolExecutor$Worker.run(ThreadPoolExecutor.java:624)
	at java.lang.Thread.run(Thread.java:748)

mar 15, 2019 10:44:56 PM org.apache.catalina.core.ContainerBase addChildInternal
GRAVE: ContainerBase.addChild: start: 
org.apache.catalina.LifecycleException: Failed to start component [StandardEngine[Catalina].StandardHost[localhost].StandardContext[/JPATarea]]
	at org.apache.catalina.util.LifecycleBase.start(LifecycleBase.java:154)
	at org.apache.catalina.core.ContainerBase.addChildInternal(ContainerBase.java:901)
	at org.apache.catalina.core.ContainerBase.addChild(ContainerBase.java:877)
	at org.apache.catalina.core.StandardHost.addChild(StandardHost.java:649)
	at org.apache.catalina.startup.HostConfig.deployDescriptor(HostConfig.java:672)
	at org.apache.catalina.startup.HostConfig$DeployDescriptor.run(HostConfig.java:1859)
	at java.util.concurrent.Executors$RunnableAdapter.call(Executors.java:511)
	at java.util.concurrent.FutureTask.run(FutureTask.java:266)
	at java.util.concurrent.ThreadPoolExecutor.runWorker(ThreadPoolExecutor.java:1149)
	at java.util.concurrent.ThreadPoolExecutor$Worker.run(ThreadPoolExecutor.java:624)
	at java.lang.Thread.run(Thread.java:748)
Caused by: org.apache.catalina.LifecycleException: Error in resourceStart()
	at org.apache.catalina.core.StandardContext.startInternal(StandardContext.java:5327)
	at org.apache.catalina.util.LifecycleBase.start(LifecycleBase.java:150)
	... 10 more

mar 15, 2019 10:44:56 PM org.apache.catalina.startup.HostConfig deployDescriptor
GRAVE: Error durante el despliegue del descriptor de configuración C:\Users\Naren\Desktop\DESARROLLO 2\Herramientas\apache-tomcat-7.0.59\conf\Catalina\localhost\JPATarea.xml
java.lang.IllegalStateException: ContainerBase.addChild: start: org.apache.catalina.LifecycleException: Failed to start component [StandardEngine[Catalina].StandardHost[localhost].StandardContext[/JPATarea]]
	at org.apache.catalina.core.ContainerBase.addChildInternal(ContainerBase.java:904)
	at org.apache.catalina.core.ContainerBase.addChild(ContainerBase.java:877)
	at org.apache.catalina.core.StandardHost.addChild(StandardHost.java:649)
	at org.apache.catalina.startup.HostConfig.deployDescriptor(HostConfig.java:672)
	at org.apache.catalina.startup.HostConfig$DeployDescriptor.run(HostConfig.java:1859)
	at java.util.concurrent.Executors$RunnableAdapter.call(Executors.java:511)
	at java.util.concurrent.FutureTask.run(FutureTask.java:266)
	at java.util.concurrent.ThreadPoolExecutor.runWorker(ThreadPoolExecutor.java:1149)
	at java.util.concurrent.ThreadPoolExecutor$Worker.run(ThreadPoolExecutor.java:624)
	at java.lang.Thread.run(Thread.java:748)

mar 15, 2019 10:44:56 PM org.apache.catalina.startup.HostConfig deployDescriptor
INFORMACIÓN: Deployment of configuration descriptor C:\Users\Naren\Desktop\DESARROLLO 2\Herramientas\apache-tomcat-7.0.59\conf\Catalina\localhost\JPATarea.xml has finished in 185 ms
mar 15, 2019 10:44:56 PM org.apache.catalina.startup.HostConfig deployDescriptor
INFORMACIÓN: Desplieque del descriptor de configuración C:\Users\Naren\Desktop\DESARROLLO 2\Herramientas\apache-tomcat-7.0.59\conf\Catalina\localhost\Practica1.xml
mar 15, 2019 10:44:56 PM org.apache.catalina.core.StandardContext resourcesStart
GRAVE: Error arrancando Recursos estáticos
java.lang.IllegalArgumentException: El Documento base C:\Users\mipC\Documents\Documentos de trabajos Comfenalco\DESARROLLO 2\Practica1\build\web no existe o no es un directorio legible
	at org.apache.naming.resources.FileDirContext.setDocBase(FileDirContext.java:136)
	at org.apache.catalina.core.StandardContext.resourcesStart(StandardContext.java:5141)
	at org.apache.catalina.core.StandardContext.startInternal(StandardContext.java:5326)
	at org.apache.catalina.util.LifecycleBase.start(LifecycleBase.java:150)
	at org.apache.catalina.core.ContainerBase.addChildInternal(ContainerBase.java:901)
	at org.apache.catalina.core.ContainerBase.addChild(ContainerBase.java:877)
	at org.apache.catalina.core.StandardHost.addChild(StandardHost.java:649)
	at org.apache.catalina.startup.HostConfig.deployDescriptor(HostConfig.java:672)
	at org.apache.catalina.startup.HostConfig$DeployDescriptor.run(HostConfig.java:1859)
	at java.util.concurrent.Executors$RunnableAdapter.call(Executors.java:511)
	at java.util.concurrent.FutureTask.run(FutureTask.java:266)
	at java.util.concurrent.ThreadPoolExecutor.runWorker(ThreadPoolExecutor.java:1149)
	at java.util.concurrent.ThreadPoolExecutor$Worker.run(ThreadPoolExecutor.java:624)
	at java.lang.Thread.run(Thread.java:748)

mar 15, 2019 10:44:56 PM org.apache.catalina.core.ContainerBase addChildInternal
GRAVE: ContainerBase.addChild: start: 
org.apache.catalina.LifecycleException: Failed to start component [StandardEngine[Catalina].StandardHost[localhost].StandardContext[/Practica1]]
	at org.apache.catalina.util.LifecycleBase.start(LifecycleBase.java:154)
	at org.apache.catalina.core.ContainerBase.addChildInternal(ContainerBase.java:901)
	at org.apache.catalina.core.ContainerBase.addChild(ContainerBase.java:877)
	at org.apache.catalina.core.StandardHost.addChild(StandardHost.java:649)
	at org.apache.catalina.startup.HostConfig.deployDescriptor(HostConfig.java:672)
	at org.apache.catalina.startup.HostConfig$DeployDescriptor.run(HostConfig.java:1859)
	at java.util.concurrent.Executors$RunnableAdapter.call(Executors.java:511)
	at java.util.concurrent.FutureTask.run(FutureTask.java:266)
	at java.util.concurrent.ThreadPoolExecutor.runWorker(ThreadPoolExecutor.java:1149)
	at java.util.concurrent.ThreadPoolExecutor$Worker.run(ThreadPoolExecutor.java:624)
	at java.lang.Thread.run(Thread.java:748)
Caused by: org.apache.catalina.LifecycleException: Error in resourceStart()
	at org.apache.catalina.core.StandardContext.startInternal(StandardContext.java:5327)
	at org.apache.catalina.util.LifecycleBase.start(LifecycleBase.java:150)
	... 10 more

mar 15, 2019 10:44:56 PM org.apache.catalina.startup.HostConfig deployDescriptor
GRAVE: Error durante el despliegue del descriptor de configuración C:\Users\Naren\Desktop\DESARROLLO 2\Herramientas\apache-tomcat-7.0.59\conf\Catalina\localhost\Practica1.xml
java.lang.IllegalStateException: ContainerBase.addChild: start: org.apache.catalina.LifecycleException: Failed to start component [StandardEngine[Catalina].StandardHost[localhost].StandardContext[/Practica1]]
	at org.apache.catalina.core.ContainerBase.addChildInternal(ContainerBase.java:904)
	at org.apache.catalina.core.ContainerBase.addChild(ContainerBase.java:877)
	at org.apache.catalina.core.StandardHost.addChild(StandardHost.java:649)
	at org.apache.catalina.startup.HostConfig.deployDescriptor(HostConfig.java:672)
	at org.apache.catalina.startup.HostConfig$DeployDescriptor.run(HostConfig.java:1859)
	at java.util.concurrent.Executors$RunnableAdapter.call(Executors.java:511)
	at java.util.concurrent.FutureTask.run(FutureTask.java:266)
	at java.util.concurrent.ThreadPoolExecutor.runWorker(ThreadPoolExecutor.java:1149)
	at java.util.concurrent.ThreadPoolExecutor$Worker.run(ThreadPoolExecutor.java:624)
	at java.lang.Thread.run(Thread.java:748)

mar 15, 2019 10:44:56 PM org.apache.catalina.startup.HostConfig deployDescriptor
INFORMACIÓN: Deployment of configuration descriptor C:\Users\Naren\Desktop\DESARROLLO 2\Herramientas\apache-tomcat-7.0.59\conf\Catalina\localhost\Practica1.xml has finished in 133 ms
mar 15, 2019 10:44:56 PM org.apache.catalina.startup.HostConfig deployDescriptor
INFORMACIÓN: Desplieque del descriptor de configuración C:\Users\Naren\Desktop\DESARROLLO 2\Herramientas\apache-tomcat-7.0.59\conf\Catalina\localhost\Proyecto.xml
mar 15, 2019 10:44:57 PM org.apache.catalina.core.StandardContext resourcesStart
GRAVE: Error arrancando Recursos estáticos
java.lang.IllegalArgumentException: El Documento base C:\Users\Naren\Documents\NetBeansProjects\Proyecto\build\web no existe o no es un directorio legible
	at org.apache.naming.resources.FileDirContext.setDocBase(FileDirContext.java:136)
	at org.apache.catalina.core.StandardContext.resourcesStart(StandardContext.java:5141)
	at org.apache.catalina.core.StandardContext.startInternal(StandardContext.java:5326)
	at org.apache.catalina.util.LifecycleBase.start(LifecycleBase.java:150)
	at org.apache.catalina.core.ContainerBase.addChildInternal(ContainerBase.java:901)
	at org.apache.catalina.core.ContainerBase.addChild(ContainerBase.java:877)
	at org.apache.catalina.core.StandardHost.addChild(StandardHost.java:649)
	at org.apache.catalina.startup.HostConfig.deployDescriptor(HostConfig.java:672)
	at org.apache.catalina.startup.HostConfig$DeployDescriptor.run(HostConfig.java:1859)
	at java.util.concurrent.Executors$RunnableAdapter.call(Executors.java:511)
	at java.util.concurrent.FutureTask.run(FutureTask.java:266)
	at java.util.concurrent.ThreadPoolExecutor.runWorker(ThreadPoolExecutor.java:1149)
	at java.util.concurrent.ThreadPoolExecutor$Worker.run(ThreadPoolExecutor.java:624)
	at java.lang.Thread.run(Thread.java:748)

mar 15, 2019 10:44:57 PM org.apache.catalina.core.ContainerBase addChildInternal
GRAVE: ContainerBase.addChild: start: 
org.apache.catalina.LifecycleException: Failed to start component [StandardEngine[Catalina].StandardHost[localhost].StandardContext[/Proyecto]]
	at org.apache.catalina.util.LifecycleBase.start(LifecycleBase.java:154)
	at org.apache.catalina.core.ContainerBase.addChildInternal(ContainerBase.java:901)
	at org.apache.catalina.core.ContainerBase.addChild(ContainerBase.java:877)
	at org.apache.catalina.core.StandardHost.addChild(StandardHost.java:649)
	at org.apache.catalina.startup.HostConfig.deployDescriptor(HostConfig.java:672)
	at org.apache.catalina.startup.HostConfig$DeployDescriptor.run(HostConfig.java:1859)
	at java.util.concurrent.Executors$RunnableAdapter.call(Executors.java:511)
	at java.util.concurrent.FutureTask.run(FutureTask.java:266)
	at java.util.concurrent.ThreadPoolExecutor.runWorker(ThreadPoolExecutor.java:1149)
	at java.util.concurrent.ThreadPoolExecutor$Worker.run(ThreadPoolExecutor.java:624)
	at java.lang.Thread.run(Thread.java:748)
Caused by: org.apache.catalina.LifecycleException: Error in resourceStart()
	at org.apache.catalina.core.StandardContext.startInternal(StandardContext.java:5327)
	at org.apache.catalina.util.LifecycleBase.start(LifecycleBase.java:150)
	... 10 more

mar 15, 2019 10:44:57 PM org.apache.catalina.startup.HostConfig deployDescriptor
GRAVE: Error durante el despliegue del descriptor de configuración C:\Users\Naren\Desktop\DESARROLLO 2\Herramientas\apache-tomcat-7.0.59\conf\Catalina\localhost\Proyecto.xml
java.lang.IllegalStateException: ContainerBase.addChild: start: org.apache.catalina.LifecycleException: Failed to start component [StandardEngine[Catalina].StandardHost[localhost].StandardContext[/Proyecto]]
	at org.apache.catalina.core.ContainerBase.addChildInternal(ContainerBase.java:904)
	at org.apache.catalina.core.ContainerBase.addChild(ContainerBase.java:877)
	at org.apache.catalina.core.StandardHost.addChild(StandardHost.java:649)
	at org.apache.catalina.startup.HostConfig.deployDescriptor(HostConfig.java:672)
	at org.apache.catalina.startup.HostConfig$DeployDescriptor.run(HostConfig.java:1859)
	at java.util.concurrent.Executors$RunnableAdapter.call(Executors.java:511)
	at java.util.concurrent.FutureTask.run(FutureTask.java:266)
	at java.util.concurrent.ThreadPoolExecutor.runWorker(ThreadPoolExecutor.java:1149)
	at java.util.concurrent.ThreadPoolExecutor$Worker.run(ThreadPoolExecutor.java:624)
	at java.lang.Thread.run(Thread.java:748)

mar 15, 2019 10:44:57 PM org.apache.catalina.startup.HostConfig deployDescriptor
INFORMACIÓN: Deployment of configuration descriptor C:\Users\Naren\Desktop\DESARROLLO 2\Herramientas\apache-tomcat-7.0.59\conf\Catalina\localhost\Proyecto.xml has finished in 159 ms
mar 15, 2019 10:44:57 PM org.apache.catalina.startup.HostConfig deployDescriptor
INFORMACIÓN: Desplieque del descriptor de configuración C:\Users\Naren\Desktop\DESARROLLO 2\Herramientas\apache-tomcat-7.0.59\conf\Catalina\localhost\Tarea.xml
mar 15, 2019 10:44:57 PM org.apache.catalina.core.StandardContext resourcesStart
GRAVE: Error arrancando Recursos estáticos
java.lang.IllegalArgumentException: El Documento base C:\Users\Naren\Documents\NetBeansProjects\Tarea\build\web no existe o no es un directorio legible
	at org.apache.naming.resources.FileDirContext.setDocBase(FileDirContext.java:136)
	at org.apache.catalina.core.StandardContext.resourcesStart(StandardContext.java:5141)
	at org.apache.catalina.core.StandardContext.startInternal(StandardContext.java:5326)
	at org.apache.catalina.util.LifecycleBase.start(LifecycleBase.java:150)
	at org.apache.catalina.core.ContainerBase.addChildInternal(ContainerBase.java:901)
	at org.apache.catalina.core.ContainerBase.addChild(ContainerBase.java:877)
	at org.apache.catalina.core.StandardHost.addChild(StandardHost.java:649)
	at org.apache.catalina.startup.HostConfig.deployDescriptor(HostConfig.java:672)
	at org.apache.catalina.startup.HostConfig$DeployDescriptor.run(HostConfig.java:1859)
	at java.util.concurrent.Executors$RunnableAdapter.call(Executors.java:511)
	at java.util.concurrent.FutureTask.run(FutureTask.java:266)
	at java.util.concurrent.ThreadPoolExecutor.runWorker(ThreadPoolExecutor.java:1149)
	at java.util.concurrent.ThreadPoolExecutor$Worker.run(ThreadPoolExecutor.java:624)
	at java.lang.Thread.run(Thread.java:748)

mar 15, 2019 10:44:57 PM org.apache.catalina.core.ContainerBase addChildInternal
GRAVE: ContainerBase.addChild: start: 
org.apache.catalina.LifecycleException: Failed to start component [StandardEngine[Catalina].StandardHost[localhost].StandardContext[/Tarea]]
	at org.apache.catalina.util.LifecycleBase.start(LifecycleBase.java:154)
	at org.apache.catalina.core.ContainerBase.addChildInternal(ContainerBase.java:901)
	at org.apache.catalina.core.ContainerBase.addChild(ContainerBase.java:877)
	at org.apache.catalina.core.StandardHost.addChild(StandardHost.java:649)
	at org.apache.catalina.startup.HostConfig.deployDescriptor(HostConfig.java:672)
	at org.apache.catalina.startup.HostConfig$DeployDescriptor.run(HostConfig.java:1859)
	at java.util.concurrent.Executors$RunnableAdapter.call(Executors.java:511)
	at java.util.concurrent.FutureTask.run(FutureTask.java:266)
	at java.util.concurrent.ThreadPoolExecutor.runWorker(ThreadPoolExecutor.java:1149)
	at java.util.concurrent.ThreadPoolExecutor$Worker.run(ThreadPoolExecutor.java:624)
	at java.lang.Thread.run(Thread.java:748)
Caused by: org.apache.catalina.LifecycleException: Error in resourceStart()
	at org.apache.catalina.core.StandardContext.startInternal(StandardContext.java:5327)
	at org.apache.catalina.util.LifecycleBase.start(LifecycleBase.java:150)
	... 10 more

mar 15, 2019 10:44:57 PM org.apache.catalina.startup.HostConfig deployDescriptor
GRAVE: Error durante el despliegue del descriptor de configuración C:\Users\Naren\Desktop\DESARROLLO 2\Herramientas\apache-tomcat-7.0.59\conf\Catalina\localhost\Tarea.xml
java.lang.IllegalStateException: ContainerBase.addChild: start: org.apache.catalina.LifecycleException: Failed to start component [StandardEngine[Catalina].StandardHost[localhost].StandardContext[/Tarea]]
	at org.apache.catalina.core.ContainerBase.addChildInternal(ContainerBase.java:904)
	at org.apache.catalina.core.ContainerBase.addChild(ContainerBase.java:877)
	at org.apache.catalina.core.StandardHost.addChild(StandardHost.java:649)
	at org.apache.catalina.startup.HostConfig.deployDescriptor(HostConfig.java:672)
	at org.apache.catalina.startup.HostConfig$DeployDescriptor.run(HostConfig.java:1859)
	at java.util.concurrent.Executors$RunnableAdapter.call(Executors.java:511)
	at java.util.concurrent.FutureTask.run(FutureTask.java:266)
	at java.util.concurrent.ThreadPoolExecutor.runWorker(ThreadPoolExecutor.java:1149)
	at java.util.concurrent.ThreadPoolExecutor$Worker.run(ThreadPoolExecutor.java:624)
	at java.lang.Thread.run(Thread.java:748)

mar 15, 2019 10:44:57 PM org.apache.catalina.startup.HostConfig deployDescriptor
INFORMACIÓN: Deployment of configuration descriptor C:\Users\Naren\Desktop\DESARROLLO 2\Herramientas\apache-tomcat-7.0.59\conf\Catalina\localhost\Tarea.xml has finished in 93 ms
mar 15, 2019 10:44:57 PM org.apache.catalina.startup.HostConfig deployDescriptor
INFORMACIÓN: Desplieque del descriptor de configuración C:\Users\Naren\Desktop\DESARROLLO 2\Herramientas\apache-tomcat-7.0.59\conf\Catalina\localhost\Trabajo.xml
mar 15, 2019 10:44:57 PM org.apache.catalina.core.StandardContext resourcesStart
GRAVE: Error arrancando Recursos estáticos
java.lang.IllegalArgumentException: El Documento base C:\Users\Naren\Documents\NetBeansProjects\Trabajo\build\web no existe o no es un directorio legible
	at org.apache.naming.resources.FileDirContext.setDocBase(FileDirContext.java:136)
	at org.apache.catalina.core.StandardContext.resourcesStart(StandardContext.java:5141)
	at org.apache.catalina.core.StandardContext.startInternal(StandardContext.java:5326)
	at org.apache.catalina.util.LifecycleBase.start(LifecycleBase.java:150)
	at org.apache.catalina.core.ContainerBase.addChildInternal(ContainerBase.java:901)
	at org.apache.catalina.core.ContainerBase.addChild(ContainerBase.java:877)
	at org.apache.catalina.core.StandardHost.addChild(StandardHost.java:649)
	at org.apache.catalina.startup.HostConfig.deployDescriptor(HostConfig.java:672)
	at org.apache.catalina.startup.HostConfig$DeployDescriptor.run(HostConfig.java:1859)
	at java.util.concurrent.Executors$RunnableAdapter.call(Executors.java:511)
	at java.util.concurrent.FutureTask.run(FutureTask.java:266)
	at java.util.concurrent.ThreadPoolExecutor.runWorker(ThreadPoolExecutor.java:1149)
	at java.util.concurrent.ThreadPoolExecutor$Worker.run(ThreadPoolExecutor.java:624)
	at java.lang.Thread.run(Thread.java:748)

mar 15, 2019 10:44:57 PM org.apache.catalina.core.ContainerBase addChildInternal
GRAVE: ContainerBase.addChild: start: 
org.apache.catalina.LifecycleException: Failed to start component [StandardEngine[Catalina].StandardHost[localhost].StandardContext[/Trabajo]]
	at org.apache.catalina.util.LifecycleBase.start(LifecycleBase.java:154)
	at org.apache.catalina.core.ContainerBase.addChildInternal(ContainerBase.java:901)
	at org.apache.catalina.core.ContainerBase.addChild(ContainerBase.java:877)
	at org.apache.catalina.core.StandardHost.addChild(StandardHost.java:649)
	at org.apache.catalina.startup.HostConfig.deployDescriptor(HostConfig.java:672)
	at org.apache.catalina.startup.HostConfig$DeployDescriptor.run(HostConfig.java:1859)
	at java.util.concurrent.Executors$RunnableAdapter.call(Executors.java:511)
	at java.util.concurrent.FutureTask.run(FutureTask.java:266)
	at java.util.concurrent.ThreadPoolExecutor.runWorker(ThreadPoolExecutor.java:1149)
	at java.util.concurrent.ThreadPoolExecutor$Worker.run(ThreadPoolExecutor.java:624)
	at java.lang.Thread.run(Thread.java:748)
Caused by: org.apache.catalina.LifecycleException: Error in resourceStart()
	at org.apache.catalina.core.StandardContext.startInternal(StandardContext.java:5327)
	at org.apache.catalina.util.LifecycleBase.start(LifecycleBase.java:150)
	... 10 more

mar 15, 2019 10:44:57 PM org.apache.catalina.startup.HostConfig deployDescriptor
GRAVE: Error durante el despliegue del descriptor de configuración C:\Users\Naren\Desktop\DESARROLLO 2\Herramientas\apache-tomcat-7.0.59\conf\Catalina\localhost\Trabajo.xml
java.lang.IllegalStateException: ContainerBase.addChild: start: org.apache.catalina.LifecycleException: Failed to start component [StandardEngine[Catalina].StandardHost[localhost].StandardContext[/Trabajo]]
	at org.apache.catalina.core.ContainerBase.addChildInternal(ContainerBase.java:904)
	at org.apache.catalina.core.ContainerBase.addChild(ContainerBase.java:877)
	at org.apache.catalina.core.StandardHost.addChild(StandardHost.java:649)
	at org.apache.catalina.startup.HostConfig.deployDescriptor(HostConfig.java:672)
	at org.apache.catalina.startup.HostConfig$DeployDescriptor.run(HostConfig.java:1859)
	at java.util.concurrent.Executors$RunnableAdapter.call(Executors.java:511)
	at java.util.concurrent.FutureTask.run(FutureTask.java:266)
	at java.util.concurrent.ThreadPoolExecutor.runWorker(ThreadPoolExecutor.java:1149)
	at java.util.concurrent.ThreadPoolExecutor$Worker.run(ThreadPoolExecutor.java:624)
	at java.lang.Thread.run(Thread.java:748)

mar 15, 2019 10:44:57 PM org.apache.catalina.startup.HostConfig deployDescriptor
INFORMACIÓN: Deployment of configuration descriptor C:\Users\Naren\Desktop\DESARROLLO 2\Herramientas\apache-tomcat-7.0.59\conf\Catalina\localhost\Trabajo.xml has finished in 104 ms
mar 15, 2019 10:44:57 PM org.apache.catalina.startup.HostConfig deployWAR
INFORMACIÓN: Despliegue del archivo C:\Users\Naren\Desktop\DESARROLLO 2\Herramientas\apache-tomcat-7.0.59\webapps\showcase-5.3.war de la aplicación web
mar 15, 2019 10:45:14 PM org.apache.catalina.core.StandardContext addApplicationListener
INFORMACIÓN: El escuchador "com.sun.faces.config.ConfigureListener" ya está configurado para este contexto. La definición duplicada ha sido ignorada.
mar 15, 2019 10:45:14 PM com.sun.faces.config.ConfigureListener contextInitialized
INFORMACIÓN: Inicializando Mojarra 2.2.8 ( 20140814-1418 https://svn.java.net/svn/mojarra~svn/tags/2.2.8@13507) para el contexto '/showcase-5.3'
mar 15, 2019 10:45:21 PM com.sun.faces.spi.InjectionProviderFactory createInstance
INFORMACIÓN: JSF1048: hay presentes anotaciones PostConstruct/PreDestroy.  Los métodos de beans administrados marcados con estas anotaciones procesarán dichas anotaciones.
mar 15, 2019 10:45:28 PM org.hibernate.validator.internal.util.Version <clinit>
INFO: HV000001: Hibernate Validator 5.0.1.Final
mar 15, 2019 10:45:29 PM org.primefaces.webapp.PostConstructApplicationEventListener processEvent
INFORMACIÓN: Running on PrimeFaces 5.3
mar 15, 2019 10:45:29 PM org.apache.catalina.util.SessionIdGeneratorBase createSecureRandom
INFORMACIÓN: Creation of SecureRandom instance for session ID generation using [SHA1PRNG] took [331] milliseconds.
mar 15, 2019 10:45:29 PM org.apache.catalina.startup.HostConfig deployWAR
INFORMACIÓN: Deployment of web application archive C:\Users\Naren\Desktop\DESARROLLO 2\Herramientas\apache-tomcat-7.0.59\webapps\showcase-5.3.war has finished in 32.572 ms
mar 15, 2019 10:45:29 PM org.apache.catalina.startup.HostConfig deployDirectory
INFORMACIÓN: Despliegue del directorio C:\Users\Naren\Desktop\DESARROLLO 2\Herramientas\apache-tomcat-7.0.59\webapps\docs de la aplicación web
mar 15, 2019 10:45:30 PM org.apache.catalina.startup.HostConfig deployDirectory
INFORMACIÓN: Deployment of web application directory C:\Users\Naren\Desktop\DESARROLLO 2\Herramientas\apache-tomcat-7.0.59\webapps\docs has finished in 146 ms
mar 15, 2019 10:45:30 PM org.apache.catalina.startup.HostConfig deployDirectory
INFORMACIÓN: Despliegue del directorio C:\Users\Naren\Desktop\DESARROLLO 2\Herramientas\apache-tomcat-7.0.59\webapps\examples de la aplicación web
mar 15, 2019 10:45:31 PM org.apache.catalina.startup.HostConfig deployDirectory
INFORMACIÓN: Deployment of web application directory C:\Users\Naren\Desktop\DESARROLLO 2\Herramientas\apache-tomcat-7.0.59\webapps\examples has finished in 1.610 ms
mar 15, 2019 10:45:31 PM org.apache.catalina.startup.HostConfig deployDirectory
INFORMACIÓN: Despliegue del directorio C:\Users\Naren\Desktop\DESARROLLO 2\Herramientas\apache-tomcat-7.0.59\webapps\host-manager de la aplicación web
mar 15, 2019 10:45:31 PM org.apache.catalina.startup.HostConfig deployDirectory
INFORMACIÓN: Deployment of web application directory C:\Users\Naren\Desktop\DESARROLLO 2\Herramientas\apache-tomcat-7.0.59\webapps\host-manager has finished in 150 ms
mar 15, 2019 10:45:31 PM org.apache.catalina.startup.HostConfig deployDirectory
INFORMACIÓN: Despliegue del directorio C:\Users\Naren\Desktop\DESARROLLO 2\Herramientas\apache-tomcat-7.0.59\webapps\manager de la aplicación web
mar 15, 2019 10:45:32 PM org.apache.catalina.startup.HostConfig deployDirectory
INFORMACIÓN: Deployment of web application directory C:\Users\Naren\Desktop\DESARROLLO 2\Herramientas\apache-tomcat-7.0.59\webapps\manager has finished in 170 ms
mar 15, 2019 10:45:32 PM org.apache.catalina.startup.HostConfig deployDirectory
INFORMACIÓN: Despliegue del directorio C:\Users\Naren\Desktop\DESARROLLO 2\Herramientas\apache-tomcat-7.0.59\webapps\ROOT de la aplicación web
mar 15, 2019 10:45:32 PM org.apache.catalina.startup.HostConfig deployDirectory
INFORMACIÓN: Deployment of web application directory C:\Users\Naren\Desktop\DESARROLLO 2\Herramientas\apache-tomcat-7.0.59\webapps\ROOT has finished in 111 ms
mar 15, 2019 10:45:32 PM org.apache.coyote.AbstractProtocol start
INFORMACIÓN: Starting ProtocolHandler ["http-bio-8081"]
mar 15, 2019 10:45:32 PM org.apache.coyote.AbstractProtocol start
INFORMACIÓN: Starting ProtocolHandler ["ajp-bio-8009"]
mar 15, 2019 10:45:32 PM org.apache.catalina.startup.Catalina start
INFORMACIÓN: Server startup in 36386 ms
mar 15, 2019 10:45:40 PM org.apache.catalina.startup.HostConfig deployDescriptor
INFORMACIÓN: Desplieque del descriptor de configuración C:\Users\Naren\Desktop\DESARROLLO 2\Herramientas\apache-tomcat-7.0.59\conf\Catalina\localhost\Parcial.xml
mar 15, 2019 10:45:51 PM com.sun.faces.config.ConfigureListener contextInitialized
INFORMACIÓN: Inicializando Mojarra 2.2.7 ( 20140610-1547 https://svn.java.net/svn/mojarra~svn/tags/2.2.7@13362) para el contexto '/Parcial'
mar 15, 2019 10:45:52 PM com.sun.faces.spi.InjectionProviderFactory createInstance
INFORMACIÓN: JSF1048: hay presentes anotaciones PostConstruct/PreDestroy.  Los métodos de beans administrados marcados con estas anotaciones procesarán dichas anotaciones.
mar 15, 2019 10:45:59 PM org.primefaces.webapp.PostConstructApplicationEventListener processEvent
INFORMACIÓN: Running on PrimeFaces 5.0
mar 15, 2019 10:45:59 PM org.apache.catalina.startup.HostConfig deployDescriptor
INFORMACIÓN: Deployment of configuration descriptor C:\Users\Naren\Desktop\DESARROLLO 2\Herramientas\apache-tomcat-7.0.59\conf\Catalina\localhost\Parcial.xml has finished in 19.160 ms
mar 15, 2019 10:45:59 PM org.apache.catalina.util.LifecycleBase start
INFORMACIÓN: The start() method was called on component [StandardEngine[Catalina].StandardHost[localhost].StandardContext[/Parcial]] after start() had already been called. The second call will be ignored.
mar 15, 2019 10:46:01 PM org.hibernate.ejb.HibernatePersistence logDeprecation
WARN: HHH015016: Encountered a deprecated javax.persistence.spi.PersistenceProvider [org.hibernate.ejb.HibernatePersistence]; use [org.hibernate.jpa.HibernatePersistenceProvider] instead.
mar 15, 2019 10:46:01 PM org.hibernate.ejb.HibernatePersistence logDeprecation
WARN: HHH015016: Encountered a deprecated javax.persistence.spi.PersistenceProvider [org.hibernate.ejb.HibernatePersistence]; use [org.hibernate.jpa.HibernatePersistenceProvider] instead.
mar 15, 2019 10:46:01 PM org.hibernate.ejb.HibernatePersistence logDeprecation
WARN: HHH015016: Encountered a deprecated javax.persistence.spi.PersistenceProvider [org.hibernate.ejb.HibernatePersistence]; use [org.hibernate.jpa.HibernatePersistenceProvider] instead.
mar 15, 2019 10:46:01 PM org.hibernate.jpa.internal.util.LogHelper logPersistenceUnitInformation
INFO: HHH000204: Processing PersistenceUnitInfo [
	name: ParcialPU
	...]
mar 15, 2019 10:46:01 PM org.hibernate.Version logVersion
INFO: HHH000412: Hibernate Core {4.3.1.Final}
mar 15, 2019 10:46:01 PM org.hibernate.cfg.Environment <clinit>
INFO: HHH000206: hibernate.properties not found
mar 15, 2019 10:46:01 PM org.hibernate.cfg.Environment buildBytecodeProvider
INFO: HHH000021: Bytecode provider name : javassist
mar 15, 2019 10:46:04 PM com.sun.faces.context.ExceptionHandlerImpl log
FATAL: JSF1073: se ha interceptado java.lang.ExceptionInInitializerError durante el procesamiento de RENDER_RESPONSE 6 : UIComponent-ClientId=, Mensaje=null
mar 15, 2019 10:46:04 PM com.sun.faces.context.ExceptionHandlerImpl log
FATAL: No associated message
java.lang.ExceptionInInitializerError
	at com.controller.CamionController.<init>(CamionController.java:24)
	at sun.reflect.NativeConstructorAccessorImpl.newInstance0(Native Method)
	at sun.reflect.NativeConstructorAccessorImpl.newInstance(NativeConstructorAccessorImpl.java:62)
	at sun.reflect.DelegatingConstructorAccessorImpl.newInstance(DelegatingConstructorAccessorImpl.java:45)
	at java.lang.reflect.Constructor.newInstance(Constructor.java:423)
	at java.lang.Class.newInstance(Class.java:442)
	at com.sun.faces.mgbean.BeanBuilder.newBeanInstance(BeanBuilder.java:186)
	at com.sun.faces.mgbean.BeanBuilder.build(BeanBuilder.java:100)
	at com.sun.faces.mgbean.BeanManager.createAndPush(BeanManager.java:409)
	at com.sun.faces.mgbean.BeanManager.create(BeanManager.java:269)
	at com.sun.faces.el.ManagedBeanELResolver.resolveBean(ManagedBeanELResolver.java:257)
	at com.sun.faces.el.ManagedBeanELResolver.getValue(ManagedBeanELResolver.java:117)
	at com.sun.faces.el.DemuxCompositeELResolver._getValue(DemuxCompositeELResolver.java:176)
	at com.sun.faces.el.DemuxCompositeELResolver.getValue(DemuxCompositeELResolver.java:203)
	at org.apache.el.parser.AstIdentifier.getValue(AstIdentifier.java:71)
	at org.apache.el.parser.AstValue.getValue(AstValue.java:160)
	at org.apache.el.ValueExpressionImpl.getValue(ValueExpressionImpl.java:184)
	at com.sun.faces.facelets.el.TagValueExpression.getValue(TagValueExpression.java:109)
	at javax.faces.component.ComponentStateHelper.eval(ComponentStateHelper.java:194)
	at javax.faces.component.ComponentStateHelper.eval(ComponentStateHelper.java:182)
	at javax.faces.component.UIOutput.getValue(UIOutput.java:174)
	at javax.faces.component.UIInput.getValue(UIInput.java:291)
	at org.primefaces.util.ComponentUtils.getValueToRender(ComponentUtils.java:75)
	at org.primefaces.component.inputtext.InputTextRenderer.encodeMarkup(InputTextRenderer.java:71)
	at org.primefaces.component.inputtext.InputTextRenderer.encodeEnd(InputTextRenderer.java:52)
	at javax.faces.component.UIComponentBase.encodeEnd(UIComponentBase.java:919)
	at javax.faces.component.UIComponent.encodeAll(UIComponent.java:1863)
	at org.primefaces.component.panelgrid.PanelGridRenderer.encodeDynamicBody(PanelGridRenderer.java:89)
	at org.primefaces.component.panelgrid.PanelGridRenderer.encodeBody(PanelGridRenderer.java:60)
	at org.primefaces.component.panelgrid.PanelGridRenderer.encodeEnd(PanelGridRenderer.java:49)
	at javax.faces.component.UIComponentBase.encodeEnd(UIComponentBase.java:919)
	at javax.faces.component.UIComponent.encodeAll(UIComponent.java:1863)
	at org.primefaces.component.panelgrid.PanelGridRenderer.encodeDynamicBody(PanelGridRenderer.java:89)
	at org.primefaces.component.panelgrid.PanelGridRenderer.encodeBody(PanelGridRenderer.java:60)
	at org.primefaces.component.panelgrid.PanelGridRenderer.encodeEnd(PanelGridRenderer.java:49)
	at javax.faces.component.UIComponentBase.encodeEnd(UIComponentBase.java:919)
	at javax.faces.component.UIComponent.encodeAll(UIComponent.java:1863)
	at javax.faces.render.Renderer.encodeChildren(Renderer.java:176)
	at javax.faces.component.UIComponentBase.encodeChildren(UIComponentBase.java:889)
	at javax.faces.component.UIComponent.encodeAll(UIComponent.java:1856)
	at javax.faces.component.UIComponent.encodeAll(UIComponent.java:1859)
	at javax.faces.component.UIComponent.encodeAll(UIComponent.java:1859)
	at com.sun.faces.application.view.FaceletViewHandlingStrategy.renderView(FaceletViewHandlingStrategy.java:456)
	at com.sun.faces.application.view.MultiViewHandler.renderView(MultiViewHandler.java:133)
	at com.sun.faces.lifecycle.RenderResponsePhase.execute(RenderResponsePhase.java:120)
	at com.sun.faces.lifecycle.Phase.doPhase(Phase.java:101)
	at com.sun.faces.lifecycle.LifecycleImpl.render(LifecycleImpl.java:219)
	at javax.faces.webapp.FacesServlet.service(FacesServlet.java:647)
	at org.apache.catalina.core.ApplicationFilterChain.internalDoFilter(ApplicationFilterChain.java:303)
	at org.apache.catalina.core.ApplicationFilterChain.doFilter(ApplicationFilterChain.java:208)
	at org.apache.tomcat.websocket.server.WsFilter.doFilter(WsFilter.java:52)
	at org.apache.catalina.core.ApplicationFilterChain.internalDoFilter(ApplicationFilterChain.java:241)
	at org.apache.catalina.core.ApplicationFilterChain.doFilter(ApplicationFilterChain.java:208)
	at org.apache.catalina.core.StandardWrapperValve.invoke(StandardWrapperValve.java:220)
	at org.apache.catalina.core.StandardContextValve.invoke(StandardContextValve.java:122)
	at org.apache.catalina.authenticator.AuthenticatorBase.invoke(AuthenticatorBase.java:504)
	at org.apache.catalina.core.StandardHostValve.invoke(StandardHostValve.java:170)
	at org.apache.catalina.valves.ErrorReportValve.invoke(ErrorReportValve.java:103)
	at org.apache.catalina.valves.AccessLogValve.invoke(AccessLogValve.java:950)
	at org.apache.catalina.core.StandardEngineValve.invoke(StandardEngineValve.java:116)
	at org.apache.catalina.connector.CoyoteAdapter.service(CoyoteAdapter.java:421)
	at org.apache.coyote.http11.AbstractHttp11Processor.process(AbstractHttp11Processor.java:1074)
	at org.apache.coyote.AbstractProtocol$AbstractConnectionHandler.process(AbstractProtocol.java:611)
	at org.apache.tomcat.util.net.JIoEndpoint$SocketProcessor.run(JIoEndpoint.java:314)
	at java.util.concurrent.ThreadPoolExecutor.runWorker(ThreadPoolExecutor.java:1149)
	at java.util.concurrent.ThreadPoolExecutor$Worker.run(ThreadPoolExecutor.java:624)
	at org.apache.tomcat.util.threads.TaskThread$WrappingRunnable.run(TaskThread.java:61)
	at java.lang.Thread.run(Thread.java:748)
Caused by: javax.persistence.PersistenceException: Unable to build entity manager factory
	at org.hibernate.jpa.HibernatePersistenceProvider.createEntityManagerFactory(HibernatePersistenceProvider.java:81)
	at org.hibernate.ejb.HibernatePersistence.createEntityManagerFactory(HibernatePersistence.java:54)
	at javax.persistence.Persistence.createEntityManagerFactory(Persistence.java:55)
	at javax.persistence.Persistence.createEntityManagerFactory(Persistence.java:39)
	at com.dao.ImplDao.<clinit>(ImplDao.java:29)
	... 68 more
Caused by: org.hibernate.exception.JDBCConnectionException: Error calling Driver#connect
	at org.hibernate.exception.internal.SQLStateConversionDelegate.convert(SQLStateConversionDelegate.java:132)
	at org.hibernate.engine.jdbc.connections.internal.BasicConnectionCreator$1$1.convert(BasicConnectionCreator.java:118)
	at org.hibernate.engine.jdbc.connections.internal.BasicConnectionCreator.convertSqlException(BasicConnectionCreator.java:140)
	at org.hibernate.engine.jdbc.connections.internal.DriverConnectionCreator.makeConnection(DriverConnectionCreator.java:58)
	at org.hibernate.engine.jdbc.connections.internal.BasicConnectionCreator.createConnection(BasicConnectionCreator.java:75)
	at org.hibernate.engine.jdbc.connections.internal.DriverManagerConnectionProviderImpl.configure(DriverManagerConnectionProviderImpl.java:106)
	at org.hibernate.boot.registry.internal.StandardServiceRegistryImpl.configureService(StandardServiceRegistryImpl.java:89)
	at org.hibernate.service.internal.AbstractServiceRegistryImpl.initializeService(AbstractServiceRegistryImpl.java:206)
	at org.hibernate.service.internal.AbstractServiceRegistryImpl.getService(AbstractServiceRegistryImpl.java:178)
	at org.hibernate.engine.jdbc.internal.JdbcServicesImpl.buildJdbcConnectionAccess(JdbcServicesImpl.java:260)
	at org.hibernate.engine.jdbc.internal.JdbcServicesImpl.configure(JdbcServicesImpl.java:94)
	at org.hibernate.boot.registry.internal.StandardServiceRegistryImpl.configureService(StandardServiceRegistryImpl.java:89)
	at org.hibernate.service.internal.AbstractServiceRegistryImpl.initializeService(AbstractServiceRegistryImpl.java:206)
	at org.hibernate.service.internal.AbstractServiceRegistryImpl.getService(AbstractServiceRegistryImpl.java:178)
	at org.hibernate.cfg.Configuration.buildTypeRegistrations(Configuration.java:1885)
	at org.hibernate.cfg.Configuration.buildSessionFactory(Configuration.java:1843)
	at org.hibernate.jpa.boot.internal.EntityManagerFactoryBuilderImpl$4.perform(EntityManagerFactoryBuilderImpl.java:850)
	at org.hibernate.jpa.boot.internal.EntityManagerFactoryBuilderImpl$4.perform(EntityManagerFactoryBuilderImpl.java:843)
	at org.hibernate.boot.registry.classloading.internal.ClassLoaderServiceImpl.withTccl(ClassLoaderServiceImpl.java:399)
	at org.hibernate.jpa.boot.internal.EntityManagerFactoryBuilderImpl.build(EntityManagerFactoryBuilderImpl.java:842)
	at org.hibernate.jpa.HibernatePersistenceProvider.createEntityManagerFactory(HibernatePersistenceProvider.java:73)
	... 72 more
Caused by: com.mysql.jdbc.exceptions.jdbc4.CommunicationsException: Communications link failure

The last packet sent successfully to the server was 0 milliseconds ago. The driver has not received any packets from the server.
	at sun.reflect.NativeConstructorAccessorImpl.newInstance0(Native Method)
	at sun.reflect.NativeConstructorAccessorImpl.newInstance(NativeConstructorAccessorImpl.java:62)
	at sun.reflect.DelegatingConstructorAccessorImpl.newInstance(DelegatingConstructorAccessorImpl.java:45)
	at java.lang.reflect.Constructor.newInstance(Constructor.java:423)
	at com.mysql.jdbc.Util.handleNewInstance(Util.java:411)
	at com.mysql.jdbc.SQLError.createCommunicationsException(SQLError.java:1117)
	at com.mysql.jdbc.MysqlIO.<init>(MysqlIO.java:355)
	at com.mysql.jdbc.ConnectionImpl.coreConnect(ConnectionImpl.java:2461)
	at com.mysql.jdbc.ConnectionImpl.connectOneTryOnly(ConnectionImpl.java:2498)
	at com.mysql.jdbc.ConnectionImpl.createNewIO(ConnectionImpl.java:2283)
	at com.mysql.jdbc.ConnectionImpl.<init>(ConnectionImpl.java:822)
	at com.mysql.jdbc.JDBC4Connection.<init>(JDBC4Connection.java:47)
	at sun.reflect.NativeConstructorAccessorImpl.newInstance0(Native Method)
	at sun.reflect.NativeConstructorAccessorImpl.newInstance(NativeConstructorAccessorImpl.java:62)
	at sun.reflect.DelegatingConstructorAccessorImpl.newInstance(DelegatingConstructorAccessorImpl.java:45)
	at java.lang.reflect.Constructor.newInstance(Constructor.java:423)
	at com.mysql.jdbc.Util.handleNewInstance(Util.java:411)
	at com.mysql.jdbc.ConnectionImpl.getInstance(ConnectionImpl.java:404)
	at com.mysql.jdbc.NonRegisteringDriver.connect(NonRegisteringDriver.java:317)
	at org.hibernate.engine.jdbc.connections.internal.DriverConnectionCreator.makeConnection(DriverConnectionCreator.java:55)
	... 89 more
Caused by: java.net.ConnectException: Connection refused: connect
	at java.net.DualStackPlainSocketImpl.connect0(Native Method)
	at java.net.DualStackPlainSocketImpl.socketConnect(DualStackPlainSocketImpl.java:79)
	at java.net.AbstractPlainSocketImpl.doConnect(AbstractPlainSocketImpl.java:350)
	at java.net.AbstractPlainSocketImpl.connectToAddress(AbstractPlainSocketImpl.java:206)
	at java.net.AbstractPlainSocketImpl.connect(AbstractPlainSocketImpl.java:188)
	at java.net.PlainSocketImpl.connect(PlainSocketImpl.java:172)
	at java.net.SocksSocketImpl.connect(SocksSocketImpl.java:392)
	at java.net.Socket.connect(Socket.java:589)
	at java.net.Socket.connect(Socket.java:538)
	at java.net.Socket.<init>(Socket.java:434)
	at java.net.Socket.<init>(Socket.java:244)
	at com.mysql.jdbc.StandardSocketFactory.connect(StandardSocketFactory.java:259)
	at com.mysql.jdbc.MysqlIO.<init>(MysqlIO.java:305)
	... 102 more

mar 15, 2019 10:47:38 PM org.apache.catalina.core.StandardContext reload
INFORMACIÓN: Ha comenzado la recarga de Contexto [/Parcial]
mar 15, 2019 10:47:38 PM org.apache.catalina.loader.WebappClassLoader clearReferencesJdbc
GRAVE: La aplicación web [/Parcial] registró el conductor JDBC [com.mysql.jdbc.Driver] pero falló al anular el registro mientras la aplicación web estaba parada. Para prevenir un fallo de memoria, se ha anulado el registro del conductor JDBC por la fuerza.
mar 15, 2019 10:47:41 PM com.sun.faces.config.ConfigureListener contextInitialized
INFORMACIÓN: Inicializando Mojarra 2.2.7 ( 20140610-1547 https://svn.java.net/svn/mojarra~svn/tags/2.2.7@13362) para el contexto '/Parcial'
mar 15, 2019 10:47:41 PM com.sun.faces.spi.InjectionProviderFactory createInstance
INFORMACIÓN: JSF1048: hay presentes anotaciones PostConstruct/PreDestroy.  Los métodos de beans administrados marcados con estas anotaciones procesarán dichas anotaciones.
mar 15, 2019 10:47:47 PM org.primefaces.webapp.PostConstructApplicationEventListener processEvent
INFORMACIÓN: Running on PrimeFaces 5.0
mar 15, 2019 10:47:47 PM org.apache.catalina.core.StandardContext reload
INFORMACIÓN: Se ha completado la recarga de este Contexto
mar 15, 2019 10:47:48 PM org.hibernate.ejb.HibernatePersistence logDeprecation
WARN: HHH015016: Encountered a deprecated javax.persistence.spi.PersistenceProvider [org.hibernate.ejb.HibernatePersistence]; use [org.hibernate.jpa.HibernatePersistenceProvider] instead.
mar 15, 2019 10:47:48 PM org.hibernate.ejb.HibernatePersistence logDeprecation
WARN: HHH015016: Encountered a deprecated javax.persistence.spi.PersistenceProvider [org.hibernate.ejb.HibernatePersistence]; use [org.hibernate.jpa.HibernatePersistenceProvider] instead.
mar 15, 2019 10:47:48 PM org.hibernate.ejb.HibernatePersistence logDeprecation
WARN: HHH015016: Encountered a deprecated javax.persistence.spi.PersistenceProvider [org.hibernate.ejb.HibernatePersistence]; use [org.hibernate.jpa.HibernatePersistenceProvider] instead.
mar 15, 2019 10:47:48 PM org.hibernate.jpa.internal.util.LogHelper logPersistenceUnitInformation
INFO: HHH000204: Processing PersistenceUnitInfo [
	name: ParcialPU
	...]
mar 15, 2019 10:47:48 PM org.hibernate.Version logVersion
INFO: HHH000412: Hibernate Core {4.3.1.Final}
mar 15, 2019 10:47:48 PM org.hibernate.cfg.Environment <clinit>
INFO: HHH000206: hibernate.properties not found
mar 15, 2019 10:47:48 PM org.hibernate.cfg.Environment buildBytecodeProvider
INFO: HHH000021: Bytecode provider name : javassist
mar 15, 2019 10:47:49 PM com.sun.faces.context.ExceptionHandlerImpl log
FATAL: JSF1073: se ha interceptado java.lang.ExceptionInInitializerError durante el procesamiento de RENDER_RESPONSE 6 : UIComponent-ClientId=, Mensaje=null
mar 15, 2019 10:47:49 PM com.sun.faces.context.ExceptionHandlerImpl log
FATAL: No associated message
java.lang.ExceptionInInitializerError
	at com.controller.CamionController.<init>(CamionController.java:24)
	at sun.reflect.NativeConstructorAccessorImpl.newInstance0(Native Method)
	at sun.reflect.NativeConstructorAccessorImpl.newInstance(NativeConstructorAccessorImpl.java:62)
	at sun.reflect.DelegatingConstructorAccessorImpl.newInstance(DelegatingConstructorAccessorImpl.java:45)
	at java.lang.reflect.Constructor.newInstance(Constructor.java:423)
	at java.lang.Class.newInstance(Class.java:442)
	at com.sun.faces.mgbean.BeanBuilder.newBeanInstance(BeanBuilder.java:186)
	at com.sun.faces.mgbean.BeanBuilder.build(BeanBuilder.java:100)
	at com.sun.faces.mgbean.BeanManager.createAndPush(BeanManager.java:409)
	at com.sun.faces.mgbean.BeanManager.create(BeanManager.java:269)
	at com.sun.faces.el.ManagedBeanELResolver.resolveBean(ManagedBeanELResolver.java:257)
	at com.sun.faces.el.ManagedBeanELResolver.getValue(ManagedBeanELResolver.java:117)
	at com.sun.faces.el.DemuxCompositeELResolver._getValue(DemuxCompositeELResolver.java:176)
	at com.sun.faces.el.DemuxCompositeELResolver.getValue(DemuxCompositeELResolver.java:203)
	at org.apache.el.parser.AstIdentifier.getValue(AstIdentifier.java:71)
	at org.apache.el.parser.AstValue.getValue(AstValue.java:160)
	at org.apache.el.ValueExpressionImpl.getValue(ValueExpressionImpl.java:184)
	at com.sun.faces.facelets.el.TagValueExpression.getValue(TagValueExpression.java:109)
	at javax.faces.component.ComponentStateHelper.eval(ComponentStateHelper.java:194)
	at javax.faces.component.ComponentStateHelper.eval(ComponentStateHelper.java:182)
	at javax.faces.component.UIOutput.getValue(UIOutput.java:174)
	at javax.faces.component.UIInput.getValue(UIInput.java:291)
	at org.primefaces.util.ComponentUtils.getValueToRender(ComponentUtils.java:75)
	at org.primefaces.component.inputtext.InputTextRenderer.encodeMarkup(InputTextRenderer.java:71)
	at org.primefaces.component.inputtext.InputTextRenderer.encodeEnd(InputTextRenderer.java:52)
	at javax.faces.component.UIComponentBase.encodeEnd(UIComponentBase.java:919)
	at javax.faces.component.UIComponent.encodeAll(UIComponent.java:1863)
	at org.primefaces.component.panelgrid.PanelGridRenderer.encodeDynamicBody(PanelGridRenderer.java:89)
	at org.primefaces.component.panelgrid.PanelGridRenderer.encodeBody(PanelGridRenderer.java:60)
	at org.primefaces.component.panelgrid.PanelGridRenderer.encodeEnd(PanelGridRenderer.java:49)
	at javax.faces.component.UIComponentBase.encodeEnd(UIComponentBase.java:919)
	at javax.faces.component.UIComponent.encodeAll(UIComponent.java:1863)
	at org.primefaces.component.panelgrid.PanelGridRenderer.encodeDynamicBody(PanelGridRenderer.java:89)
	at org.primefaces.component.panelgrid.PanelGridRenderer.encodeBody(PanelGridRenderer.java:60)
	at org.primefaces.component.panelgrid.PanelGridRenderer.encodeEnd(PanelGridRenderer.java:49)
	at javax.faces.component.UIComponentBase.encodeEnd(UIComponentBase.java:919)
	at javax.faces.component.UIComponent.encodeAll(UIComponent.java:1863)
	at javax.faces.render.Renderer.encodeChildren(Renderer.java:176)
	at javax.faces.component.UIComponentBase.encodeChildren(UIComponentBase.java:889)
	at javax.faces.component.UIComponent.encodeAll(UIComponent.java:1856)
	at javax.faces.component.UIComponent.encodeAll(UIComponent.java:1859)
	at javax.faces.component.UIComponent.encodeAll(UIComponent.java:1859)
	at com.sun.faces.application.view.FaceletViewHandlingStrategy.renderView(FaceletViewHandlingStrategy.java:456)
	at com.sun.faces.application.view.MultiViewHandler.renderView(MultiViewHandler.java:133)
	at com.sun.faces.lifecycle.RenderResponsePhase.execute(RenderResponsePhase.java:120)
	at com.sun.faces.lifecycle.Phase.doPhase(Phase.java:101)
	at com.sun.faces.lifecycle.LifecycleImpl.render(LifecycleImpl.java:219)
	at javax.faces.webapp.FacesServlet.service(FacesServlet.java:647)
	at org.apache.catalina.core.ApplicationFilterChain.internalDoFilter(ApplicationFilterChain.java:303)
	at org.apache.catalina.core.ApplicationFilterChain.doFilter(ApplicationFilterChain.java:208)
	at org.apache.tomcat.websocket.server.WsFilter.doFilter(WsFilter.java:52)
	at org.apache.catalina.core.ApplicationFilterChain.internalDoFilter(ApplicationFilterChain.java:241)
	at org.apache.catalina.core.ApplicationFilterChain.doFilter(ApplicationFilterChain.java:208)
	at org.apache.catalina.core.StandardWrapperValve.invoke(StandardWrapperValve.java:220)
	at org.apache.catalina.core.StandardContextValve.invoke(StandardContextValve.java:122)
	at org.apache.catalina.authenticator.AuthenticatorBase.invoke(AuthenticatorBase.java:504)
	at org.apache.catalina.core.StandardHostValve.invoke(StandardHostValve.java:170)
	at org.apache.catalina.valves.ErrorReportValve.invoke(ErrorReportValve.java:103)
	at org.apache.catalina.valves.AccessLogValve.invoke(AccessLogValve.java:950)
	at org.apache.catalina.core.StandardEngineValve.invoke(StandardEngineValve.java:116)
	at org.apache.catalina.connector.CoyoteAdapter.service(CoyoteAdapter.java:421)
	at org.apache.coyote.http11.AbstractHttp11Processor.process(AbstractHttp11Processor.java:1074)
	at org.apache.coyote.AbstractProtocol$AbstractConnectionHandler.process(AbstractProtocol.java:611)
	at org.apache.tomcat.util.net.JIoEndpoint$SocketProcessor.run(JIoEndpoint.java:316)
	at java.util.concurrent.ThreadPoolExecutor.runWorker(ThreadPoolExecutor.java:1149)
	at java.util.concurrent.ThreadPoolExecutor$Worker.run(ThreadPoolExecutor.java:624)
	at org.apache.tomcat.util.threads.TaskThread$WrappingRunnable.run(TaskThread.java:61)
	at java.lang.Thread.run(Thread.java:748)
Caused by: javax.persistence.PersistenceException: Unable to build entity manager factory
	at org.hibernate.jpa.HibernatePersistenceProvider.createEntityManagerFactory(HibernatePersistenceProvider.java:81)
	at org.hibernate.ejb.HibernatePersistence.createEntityManagerFactory(HibernatePersistence.java:54)
	at javax.persistence.Persistence.createEntityManagerFactory(Persistence.java:55)
	at javax.persistence.Persistence.createEntityManagerFactory(Persistence.java:39)
	at com.dao.ImplDao.<clinit>(ImplDao.java:29)
	... 68 more
Caused by: org.hibernate.exception.JDBCConnectionException: Error calling Driver#connect
	at org.hibernate.engine.jdbc.connections.internal.BasicConnectionCreator$1$1.convert(BasicConnectionCreator.java:122)
	at org.hibernate.engine.jdbc.connections.internal.BasicConnectionCreator.convertSqlException(BasicConnectionCreator.java:140)
	at org.hibernate.engine.jdbc.connections.internal.DriverConnectionCreator.makeConnection(DriverConnectionCreator.java:58)
	at org.hibernate.engine.jdbc.connections.internal.BasicConnectionCreator.createConnection(BasicConnectionCreator.java:75)
	at org.hibernate.engine.jdbc.connections.internal.DriverManagerConnectionProviderImpl.configure(DriverManagerConnectionProviderImpl.java:106)
	at org.hibernate.boot.registry.internal.StandardServiceRegistryImpl.configureService(StandardServiceRegistryImpl.java:89)
	at org.hibernate.service.internal.AbstractServiceRegistryImpl.initializeService(AbstractServiceRegistryImpl.java:206)
	at org.hibernate.service.internal.AbstractServiceRegistryImpl.getService(AbstractServiceRegistryImpl.java:178)
	at org.hibernate.engine.jdbc.internal.JdbcServicesImpl.buildJdbcConnectionAccess(JdbcServicesImpl.java:260)
	at org.hibernate.engine.jdbc.internal.JdbcServicesImpl.configure(JdbcServicesImpl.java:94)
	at org.hibernate.boot.registry.internal.StandardServiceRegistryImpl.configureService(StandardServiceRegistryImpl.java:89)
	at org.hibernate.service.internal.AbstractServiceRegistryImpl.initializeService(AbstractServiceRegistryImpl.java:206)
	at org.hibernate.service.internal.AbstractServiceRegistryImpl.getService(AbstractServiceRegistryImpl.java:178)
	at org.hibernate.cfg.Configuration.buildTypeRegistrations(Configuration.java:1885)
	at org.hibernate.cfg.Configuration.buildSessionFactory(Configuration.java:1843)
	at org.hibernate.jpa.boot.internal.EntityManagerFactoryBuilderImpl$4.perform(EntityManagerFactoryBuilderImpl.java:850)
	at org.hibernate.jpa.boot.internal.EntityManagerFactoryBuilderImpl$4.perform(EntityManagerFactoryBuilderImpl.java:843)
	at org.hibernate.boot.registry.classloading.internal.ClassLoaderServiceImpl.withTccl(ClassLoaderServiceImpl.java:399)
	at org.hibernate.jpa.boot.internal.EntityManagerFactoryBuilderImpl.build(EntityManagerFactoryBuilderImpl.java:842)
	at org.hibernate.jpa.HibernatePersistenceProvider.createEntityManagerFactory(HibernatePersistenceProvider.java:73)
	... 72 more
Caused by: java.sql.SQLException: Access denied for user 'root'@'localhost' (using password: YES)
	at com.mysql.jdbc.SQLError.createSQLException(SQLError.java:1074)
	at com.mysql.jdbc.MysqlIO.checkErrorPacket(MysqlIO.java:4120)
	at com.mysql.jdbc.MysqlIO.checkErrorPacket(MysqlIO.java:4052)
	at com.mysql.jdbc.MysqlIO.checkErrorPacket(MysqlIO.java:925)
	at com.mysql.jdbc.MysqlIO.proceedHandshakeWithPluggableAuthentication(MysqlIO.java:1704)
	at com.mysql.jdbc.MysqlIO.doHandshake(MysqlIO.java:1250)
	at com.mysql.jdbc.ConnectionImpl.coreConnect(ConnectionImpl.java:2465)
	at com.mysql.jdbc.ConnectionImpl.connectOneTryOnly(ConnectionImpl.java:2498)
	at com.mysql.jdbc.ConnectionImpl.createNewIO(ConnectionImpl.java:2283)
	at com.mysql.jdbc.ConnectionImpl.<init>(ConnectionImpl.java:822)
	at com.mysql.jdbc.JDBC4Connection.<init>(JDBC4Connection.java:47)
	at sun.reflect.NativeConstructorAccessorImpl.newInstance0(Native Method)
	at sun.reflect.NativeConstructorAccessorImpl.newInstance(NativeConstructorAccessorImpl.java:62)
	at sun.reflect.DelegatingConstructorAccessorImpl.newInstance(DelegatingConstructorAccessorImpl.java:45)
	at java.lang.reflect.Constructor.newInstance(Constructor.java:423)
	at com.mysql.jdbc.Util.handleNewInstance(Util.java:411)
	at com.mysql.jdbc.ConnectionImpl.getInstance(ConnectionImpl.java:404)
	at com.mysql.jdbc.NonRegisteringDriver.connect(NonRegisteringDriver.java:317)
	at org.hibernate.engine.jdbc.connections.internal.DriverConnectionCreator.makeConnection(DriverConnectionCreator.java:55)
	... 89 more

mar 15, 2019 10:49:48 PM org.apache.catalina.core.StandardServer await
INFORMACIÓN: Se ha recibido un comando de apagado a través del puerto de apagado. Parando la instancia del Servidor.
mar 15, 2019 10:49:48 PM org.apache.coyote.AbstractProtocol pause
INFORMACIÓN: Pausing ProtocolHandler ["http-bio-8081"]
mar 15, 2019 10:49:48 PM org.apache.coyote.AbstractProtocol pause
INFORMACIÓN: Pausing ProtocolHandler ["ajp-bio-8009"]
mar 15, 2019 10:49:48 PM org.apache.catalina.core.StandardService stopInternal
INFORMACIÓN: Parando servicio Catalina
mar 15, 2019 10:49:48 PM org.apache.catalina.loader.WebappClassLoader clearReferencesJdbc
GRAVE: La aplicación web [/Parcial] registró el conductor JDBC [com.mysql.jdbc.Driver] pero falló al anular el registro mientras la aplicación web estaba parada. Para prevenir un fallo de memoria, se ha anulado el registro del conductor JDBC por la fuerza.
mar 15, 2019 10:49:48 PM org.apache.coyote.AbstractProtocol stop
INFORMACIÓN: Stopping ProtocolHandler ["http-bio-8081"]
mar 15, 2019 10:49:48 PM org.apache.coyote.AbstractProtocol stop
INFORMACIÓN: Stopping ProtocolHandler ["ajp-bio-8009"]
mar 15, 2019 10:49:48 PM org.apache.coyote.AbstractProtocol destroy
INFORMACIÓN: Destroying ProtocolHandler ["http-bio-8081"]
mar 15, 2019 10:49:48 PM org.apache.coyote.AbstractProtocol destroy
INFORMACIÓN: Destroying ProtocolHandler ["ajp-bio-8009"]
